This is pdfTeX, Version 3.141592653-2.6-1.40.22 (MiKTeX 21.2) (preloaded format=pdflatex 2021.3.8)  6 AUG 2021 11:20
entering extended mode
**"c:/Users/andre/Documents/GitHub/CRAWLAB-Student-Code---2020/Andrew Albright/Writing/MECC/MECC - Learning to Conserve Power - 2021/Submission Documents/MECC_LearnPowerConservativeControls_2021.tex"
(c:/Users/andre/Documents/GitHub/CRAWLAB-Student-Code---2020/Andrew Albright/Writing/MECC/MECC - Learning to Conserve Power - 2021/Submission Documents/MECC_LearnPowerConservativeControls_2021.tex
LaTeX2e <2020-10-01> patch level 4
L3 programming layer <2021-02-18> xparse <2020-03-03> (c:/Users\andre\Documents\GitHub\CRAWLAB-Student-Code---2020\Andrew Albright\Writing\MECC\MECC - Learning to Conserve Power - 2021\Submission Documents\ifacconf.cls
Document Class: ifacconf 2008/04/14, 3.2ModD: IFAC conferences

\@frontmatterwidth=\dimen138
\@bls=\dimen139
\eqntopsep=\skip47
\eqnarraycolsep=\dimen140
\labelwidthi=\dimen141
\labelwidthii=\dimen142
\labelwidthiii=\dimen143
\labelwidthiv=\dimen144
\@maxlistdepth=\count179
\eqnbaselineskip=\skip48
\eqnlineskip=\skip49
\mathindent=\dimen145
\rulepreskip=\dimen146
\rulepostskip=\dimen147
\Arrayrulewidth=\dimen148
\crulepostskip=\dimen149
\@Ldec=\dimen150
\@Rdec=\dimen151
\@Lpmdec=\dimen152
\@Rpmdec=\dimen153
\c@section=\count180
\c@subsection=\count181
\c@subsubsection=\count182
\c@paragraph=\count183
\c@subparagraph=\count184
(C:\Users\andre\AppData\Local\Programs\MiKTeX\tex/latex/latex-tools\theorem.sty
Package: theorem 2014/10/28 v2.2c Theorem extension package (FMi)
\theorem@style=\toks15
\theorem@bodyfont=\toks16
\theorempreskipamount=\skip50
\theorempostskipamount=\skip51
 (C:\Users\andre\AppData\Local\Programs\MiKTeX\tex/latex/latex-tools\thp.sty
File: thp.sty 2014/10/28 v2.2c Theorem extension package (FMi)
)) (C:\Users\andre\AppData\Local\Programs\MiKTeX\tex/latex/base\newlfont.sty
Package: newlfont 1998/08/17 v2.2m Standard LaTeX package
LaTeX Info: Redefining \em on input line 57.
 (C:\Users\andre\AppData\Local\Programs\MiKTeX\tex/latex/base\latexsym.sty
Package: latexsym 1998/08/17 v2.2e Standard LaTeX package (lasy symbols)
\symlasy=\mathgroup4
LaTeX Font Info:    Overwriting symbol font `lasy' in version `bold'
(Font)                  U/lasy/m/n --> U/lasy/b/n on input line 52.
))
LaTeX Info: Redefining \rm on input line 595.
LaTeX Info: Redefining \sf on input line 596.
LaTeX Info: Redefining \tt on input line 597.
LaTeX Info: Redefining \bf on input line 598.
LaTeX Info: Redefining \it on input line 599.
LaTeX Info: Redefining \sl on input line 600.
LaTeX Info: Redefining \sc on input line 601.
\c@thm=\count185
\c@alg=\count186
\c@algorithm=\count187
\c@note=\count188
\c@summ=\count189
\c@case=\count190
\@tempcntc=\count191
\c@figure=\count192
\c@table=\count193
\t@glob@notes=\toks17
\t@loc@notes=\toks18
\note@cnt=\count194
\c@author=\count195
\n@author=\count196
\c@collab=\count197
\n@collab=\count198
\c@address=\count199
\sv@mathsurround=\dimen154
\sv@hyphenpenalty=\count266
\prev@elem=\count267
\cur@elem=\count268
\fm@box=\box47
\fm@size=\dimen155
\t@abstract=\box48
\t@keyword=\box49
\rep@mod=\count269
\t@xtheight=\dimen156
\@logoheight=\dimen157
\@pubyear=\count270
\c@firstpage=\count271
\c@lastpage=\count272
\slashbox=\box50
LaTeX Font Info:    External font `cmex10' loaded for size
(Font)              <7> on input line 1506.
LaTeX Font Info:    External font `cmex10' loaded for size
(Font)              <5> on input line 1506.
LaTeX Font Info:    Trying to load font information for U+lasy on input line 1506.
 (C:\Users\andre\AppData\Local\Programs\MiKTeX\tex/latex/base\ulasy.fd
File: ulasy.fd 1998/08/17 v2.2e LaTeX symbol font definitions
)
\Slashbox=\box51
LaTeX Font Info:    External font `cmex10' loaded for size
(Font)              <12> on input line 1507.
LaTeX Font Info:    External font `cmex10' loaded for size
(Font)              <8> on input line 1507.
LaTeX Font Info:    External font `cmex10' loaded for size
(Font)              <6> on input line 1507.
\@frontindent=\dimen158
) (C:\Users\andre\AppData\Local\Programs\MiKTeX\tex/latex/graphics\graphicx.sty
Package: graphicx 2020/09/09 v1.2b Enhanced LaTeX Graphics (DPC,SPQR)
 (C:\Users\andre\AppData\Local\Programs\MiKTeX\tex/latex/graphics\keyval.sty
Package: keyval 2014/10/28 v1.15 key=value parser (DPC)
\KV@toks@=\toks19
) (C:\Users\andre\AppData\Local\Programs\MiKTeX\tex/latex/graphics\graphics.sty
Package: graphics 2020/08/30 v1.4c Standard LaTeX Graphics (DPC,SPQR)
 (C:\Users\andre\AppData\Local\Programs\MiKTeX\tex/latex/graphics\trig.sty
Package: trig 2016/01/03 v1.10 sin cos tan (DPC)
) (C:\Users\andre\AppData\Local\Programs\MiKTeX\tex/latex/graphics-cfg\graphics.cfg
File: graphics.cfg 2016/06/04 v1.11 sample graphics configuration
)
Package graphics Info: Driver file: pdftex.def on input line 105.
 (C:\Users\andre\AppData\Local\Programs\MiKTeX\tex/latex/graphics-def\pdftex.def
File: pdftex.def 2020/10/05 v1.2a Graphics/color driver for pdftex
))
\Gin@req@height=\dimen159
\Gin@req@width=\dimen160
) (C:\Users\andre\AppData\Local\Programs\MiKTeX\tex/latex/amsfonts\amsfonts.sty
Package: amsfonts 2013/01/14 v3.01 Basic AMSFonts support
\@emptytoks=\toks20
\symAMSa=\mathgroup5
\symAMSb=\mathgroup6
LaTeX Font Info:    Redeclaring math symbol \hbar on input line 98.
LaTeX Font Info:    Overwriting math alphabet `\mathfrak' in version `bold'
(Font)                  U/euf/m/n --> U/euf/b/n on input line 106.
) (C:\Users\andre\AppData\Local\Programs\MiKTeX\tex/latex/amsmath\amsmath.sty
Package: amsmath 2020/09/23 v2.17i AMS math features
\@mathmargin=\skip52

For additional information on amsmath, use the `?' option.
(C:\Users\andre\AppData\Local\Programs\MiKTeX\tex/latex/amsmath\amstext.sty
Package: amstext 2000/06/29 v2.01 AMS text
 (C:\Users\andre\AppData\Local\Programs\MiKTeX\tex/latex/amsmath\amsgen.sty
File: amsgen.sty 1999/11/30 v2.0 generic functions
\@emptytoks=\toks21
\ex@=\dimen161
)) (C:\Users\andre\AppData\Local\Programs\MiKTeX\tex/latex/amsmath\amsbsy.sty
Package: amsbsy 1999/11/29 v1.2d Bold Symbols
\pmbraise@=\dimen162
) (C:\Users\andre\AppData\Local\Programs\MiKTeX\tex/latex/amsmath\amsopn.sty
Package: amsopn 2016/03/08 v2.02 operator names
LaTeX Info: Redefining \operatorname on input line 43.
)
\inf@bad=\count273
LaTeX Info: Redefining \frac on input line 234.
\uproot@=\count274
\leftroot@=\count275
LaTeX Info: Redefining \overline on input line 399.
\classnum@=\count276
\DOTSCASE@=\count277
LaTeX Info: Redefining \ldots on input line 496.
LaTeX Info: Redefining \dots on input line 499.
LaTeX Info: Redefining \cdots on input line 620.
\Mathstrutbox@=\box52
\strutbox@=\box53
\big@size=\dimen163
LaTeX Font Info:    Redeclaring font encoding OML on input line 743.
LaTeX Font Info:    Redeclaring font encoding OMS on input line 744.
\macc@depth=\count278
\c@MaxMatrixCols=\count279
\dotsspace@=\muskip16
\c@parentequation=\count280
\dspbrk@lvl=\count281
\tag@help=\toks22
\row@=\count282
\column@=\count283
\maxfields@=\count284
\andhelp@=\toks23
\eqnshift@=\dimen164
\alignsep@=\dimen165
\tagshift@=\dimen166
\tagwidth@=\dimen167
\totwidth@=\dimen168
\lineht@=\dimen169
\@envbody=\toks24
\multlinegap=\skip53
\multlinetaggap=\skip54
\mathdisplay@stack=\toks25
LaTeX Info: Redefining \[ on input line 2923.
LaTeX Info: Redefining \] on input line 2924.
) (C:\Users\andre\AppData\Local\Programs\MiKTeX\tex/latex/natbib\natbib.sty
Package: natbib 2010/09/13 8.31b (PWD, AO)
\bibhang=\skip55
\bibsep=\skip56
LaTeX Info: Redefining \cite on input line 694.
\c@NAT@ctr=\count285
) (C:\Users\andre\AppData\Local\Programs\MiKTeX\tex/latex/multirow\multirow.sty
Package: multirow 2021/03/15 v2.8 Span multiple rows of a table
\multirow@colwidth=\skip57
\multirow@cntb=\count286
\multirow@dima=\skip58
\bigstrutjot=\dimen170
) (C:\Users\andre\AppData\Local\Programs\MiKTeX\tex/latex/xcolor\xcolor.sty
Package: xcolor 2016/05/11 v2.12 LaTeX color extensions (UK)
 (C:\Users\andre\AppData\Local\Programs\MiKTeX\tex/latex/graphics-cfg\color.cfg
File: color.cfg 2016/01/02 v1.6 sample color configuration
)
Package xcolor Info: Driver file: pdftex.def on input line 225.
Package xcolor Info: Model `cmy' substituted by `cmy0' on input line 1348.
Package xcolor Info: Model `hsb' substituted by `rgb' on input line 1352.
Package xcolor Info: Model `RGB' extended on input line 1364.
Package xcolor Info: Model `HTML' substituted by `rgb' on input line 1366.
Package xcolor Info: Model `Hsb' substituted by `hsb' on input line 1367.
Package xcolor Info: Model `tHsb' substituted by `hsb' on input line 1368.
Package xcolor Info: Model `HSB' substituted by `hsb' on input line 1369.
Package xcolor Info: Model `Gray' substituted by `gray' on input line 1370.
Package xcolor Info: Model `wave' substituted by `hsb' on input line 1371.
 (C:\Users\andre\AppData\Local\Programs\MiKTeX\tex/latex/graphics\dvipsnam.def
File: dvipsnam.def 2016/06/17 v3.0m Driver-dependent file (DPC,SPQR)
)) (C:\Users\andre\AppData\Local\Programs\MiKTeX\tex/latex/l3backend\l3backend-pdftex.def
File: l3backend-pdftex.def 2021-03-02 L3 backend support: PDF output (pdfTeX)
\l__color_backend_stack_int=\count287
\l__pdf_internal_box=\box54
) (c:/Users\andre\Documents\GitHub\CRAWLAB-Student-Code---2020\Andrew Albright\Writing\MECC\MECC - Learning to Conserve Power - 2021\Submission Documents\MECC_LearnPowerConservativeControls_2021.aux)
\openout1 = `MECC_LearnPowerConservativeControls_2021.aux'.

LaTeX Font Info:    Checking defaults for OML/cmm/m/it on input line 16.
LaTeX Font Info:    ... okay on input line 16.
LaTeX Font Info:    Checking defaults for OMS/cmsy/m/n on input line 16.
LaTeX Font Info:    ... okay on input line 16.
LaTeX Font Info:    Checking defaults for OT1/cmr/m/n on input line 16.
LaTeX Font Info:    ... okay on input line 16.
LaTeX Font Info:    Checking defaults for T1/cmr/m/n on input line 16.
LaTeX Font Info:    ... okay on input line 16.
LaTeX Font Info:    Checking defaults for TS1/cmr/m/n on input line 16.
LaTeX Font Info:    ... okay on input line 16.
LaTeX Font Info:    Checking defaults for OMX/cmex/m/n on input line 16.
LaTeX Font Info:    ... okay on input line 16.
LaTeX Font Info:    Checking defaults for U/cmr/m/n on input line 16.
LaTeX Font Info:    ... okay on input line 16.
 (C:\Users\andre\AppData\Local\Programs\MiKTeX\tex/context/base/mkii\supp-pdf.mkii
[Loading MPS to PDF converter (version 2006.09.02).]
\scratchcounter=\count288
\scratchdimen=\dimen171
\scratchbox=\box55
\nofMPsegments=\count289
\nofMParguments=\count290
\everyMPshowfont=\toks26
\MPscratchCnt=\count291
\MPscratchDim=\dimen172
\MPnumerator=\count292
\makeMPintoPDFobject=\count293
\everyMPtoPDFconversion=\toks27
) (C:\Users\andre\AppData\Local\Programs\MiKTeX\tex/latex/epstopdf-pkg\epstopdf-base.sty
Package: epstopdf-base 2020-01-24 v2.11 Base part for package epstopdf
 (C:\Users\andre\AppData\Local\Programs\MiKTeX\tex/generic/infwarerr\infwarerr.sty
Package: infwarerr 2019/12/03 v1.5 Providing info/warning/error messages (HO)
) (C:\Users\andre\AppData\Local\Programs\MiKTeX\tex/latex/grfext\grfext.sty
Package: grfext 2019/12/03 v1.3 Manage graphics extensions (HO)
 (C:\Users\andre\AppData\Local\Programs\MiKTeX\tex/generic/kvdefinekeys\kvdefinekeys.sty
Package: kvdefinekeys 2019-12-19 v1.6 Define keys (HO)
)) (C:\Users\andre\AppData\Local\Programs\MiKTeX\tex/latex/kvoptions\kvoptions.sty
Package: kvoptions 2020-10-07 v3.14 Key value format for package options (HO)
 (C:\Users\andre\AppData\Local\Programs\MiKTeX\tex/generic/ltxcmds\ltxcmds.sty
Package: ltxcmds 2020-05-10 v1.25 LaTeX kernel commands for general use (HO)
) (C:\Users\andre\AppData\Local\Programs\MiKTeX\tex/generic/kvsetkeys\kvsetkeys.sty
Package: kvsetkeys 2019/12/15 v1.18 Key value parser (HO)
)) (C:\Users\andre\AppData\Local\Programs\MiKTeX\tex/generic/pdftexcmds\pdftexcmds.sty
Package: pdftexcmds 2020-06-27 v0.33 Utility functions of pdfTeX for LuaTeX (HO)
 (C:\Users\andre\AppData\Local\Programs\MiKTeX\tex/generic/iftex\iftex.sty
Package: iftex 2020/03/06 v1.0d TeX engine tests
)
Package pdftexcmds Info: \pdf@primitive is available.
Package pdftexcmds Info: \pdf@ifprimitive is available.
Package pdftexcmds Info: \pdfdraftmode found.
)
Package epstopdf-base Info: Redefining graphics rule for `.eps' on input line 485.
Package grfext Info: Graphics extension search list:
(grfext)             [.pdf,.png,.jpg,.mps,.jpeg,.jbig2,.jb2,.PDF,.PNG,.JPG,.JPEG,.JBIG2,.JB2,.eps]
(grfext)             \AppendGraphicsExtensions on input line 504.
)
LaTeX Font Info:    Calculating math sizes for size <14> on input line 19.
LaTeX Font Info:    Trying to load font information for U+msa on input line 19.
 (C:\Users\andre\AppData\Local\Programs\MiKTeX\tex/latex/amsfonts\umsa.fd
File: umsa.fd 2013/01/14 v3.01 AMS symbols A
)
LaTeX Font Info:    Trying to load font information for U+msb on input line 19.
 (C:\Users\andre\AppData\Local\Programs\MiKTeX\tex/latex/amsfonts\umsb.fd
File: umsb.fd 2013/01/14 v3.01 AMS symbols B
)
\c@sv@footnote=\count294
 [1{C:/Users/andre/AppData/Local/MiKTeX/pdftex/config/pdftex.map}

]
<figures/pogo_system.pdf, id=10, 203.71443pt x 437.13463pt>
File: figures/pogo_system.pdf Graphic file (type pdf)
<use figures/pogo_system.pdf>
Package pdftex.def Info: figures/pogo_system.pdf  used on input line 71.
(pdftex.def)             Requested size: 71.13188pt x 152.63255pt.
 [2 <c:/Users/andre/Documents/GitHub/CRAWLAB-Student-Code---2020/Andrew Albright/Writing/MECC/MECC - Learning to Conserve Power - 2021/Submission Documents/figures/pogo_system.pdf>]
<figures/regular_jump.pdf, id=28, 384.1122pt x 236.56622pt>
File: figures/regular_jump.pdf Graphic file (type pdf)
<use figures/regular_jump.pdf>
Package pdftex.def Info: figures/regular_jump.pdf  used on input line 193.
(pdftex.def)             Requested size: 199.16928pt x 122.66139pt.
<figures/stutter_jump.pdf, id=29, 384.1122pt x 236.56622pt>
File: figures/stutter_jump.pdf Graphic file (type pdf)
<use figures/stutter_jump.pdf>
Package pdftex.def Info: figures/stutter_jump.pdf  used on input line 201.
(pdftex.def)             Requested size: 199.16928pt x 122.66139pt.
 [3]
Overfull \hbox (5.12968pt too wide) in paragraph at lines 223--223
[]|\OT1/cmr/m/n/8 Conserve 
 []

<figures/timeseries/PositionVsTime_OneJump.png, id=35, 437.9562pt x 293.4162pt>
File: figures/timeseries/PositionVsTime_OneJump.png Graphic file (type png)
<use figures/timeseries/PositionVsTime_OneJump.png>
Package pdftex.def Info: figures/timeseries/PositionVsTime_OneJump.png  used on input line 271.
(pdftex.def)             Requested size: 199.16928pt x 133.43742pt.
<figures/timeseries/InputVsTime_OneJump.png, id=37, 437.9562pt x 293.4162pt>
File: figures/timeseries/InputVsTime_OneJump.png Graphic file (type png)
<use figures/timeseries/InputVsTime_OneJump.png>
Package pdftex.def Info: figures/timeseries/InputVsTime_OneJump.png  used on input line 279.
(pdftex.def)             Requested size: 199.16928pt x 133.43742pt.
[4 <c:/Users/andre/Documents/GitHub/CRAWLAB-Student-Code---2020/Andrew Albright/Writing/MECC/MECC - Learning to Conserve Power - 2021/Submission Documents/figures/regular_jump.pdf> <c:/Users/andre/Documents/GitHub/CRAWLAB-Student-Code---2020/Andrew Albright/Writing/MECC/MECC - Learning to Conserve Power - 2021/Submission Documents/figures/stutter_jump.pdf

pdfTeX warning: pdflatex (file c:/Users/andre/Documents/GitHub/CRAWLAB-Student-Code---2020/Andrew Albright/Writing/MECC/MECC - Learning to Conserve Power - 2021/Submission Documents/figures/stutter_jump.pdf): PDF inclusion: multiple pdfs with page group included in a single page
> <c:/Users/andre/Documents/GitHub/CRAWLAB-Student-Code---2020/Andrew Albright/Writing/MECC/MECC - Learning to Conserve Power - 2021/Submission Documents/figures/timeseries/PositionVsTime_OneJump.png> <c:/Users/andre/Documents/GitHub/CRAWLAB-Student-Code---2020/Andrew Albright/Writing/MECC/MECC - Learning to Conserve Power - 2021/Submission Documents/figures/timeseries/InputVsTime_OneJump.png>]
<figures/compare_agents/HeightVsEfficiency_OneJump.png, id=47, 437.9562pt x 293.4162pt>
File: figures/compare_agents/HeightVsEfficiency_OneJump.png Graphic file (type png)
<use figures/compare_agents/HeightVsEfficiency_OneJump.png>
Package pdftex.def Info: figures/compare_agents/HeightVsEfficiency_OneJump.png  used on input line 290.
(pdftex.def)             Requested size: 199.16928pt x 133.43742pt.
<figures/timeseries/PositionVsTime_StutterJump.png, id=48, 437.9562pt x 293.4162pt>
File: figures/timeseries/PositionVsTime_StutterJump.png Graphic file (type png)
<use figures/timeseries/PositionVsTime_StutterJump.png>
Package pdftex.def Info: figures/timeseries/PositionVsTime_StutterJump.png  used on input line 303.
(pdftex.def)             Requested size: 199.16928pt x 133.43742pt.
<figures/timeseries/InputVsTime_StutterJump.png, id=49, 437.9562pt x 293.4162pt>
File: figures/timeseries/InputVsTime_StutterJump.png Graphic file (type png)
<use figures/timeseries/InputVsTime_StutterJump.png>
Package pdftex.def Info: figures/timeseries/InputVsTime_StutterJump.png  used on input line 311.
(pdftex.def)             Requested size: 199.16928pt x 133.43742pt.
<figures/compare_agents/HeightVsEfficiency_StutterJump.png, id=50, 437.9562pt x 293.4162pt>
File: figures/compare_agents/HeightVsEfficiency_StutterJump.png Graphic file (type png)
<use figures/compare_agents/HeightVsEfficiency_StutterJump.png>
Package pdftex.def Info: figures/compare_agents/HeightVsEfficiency_StutterJump.png  used on input line 319.
(pdftex.def)             Requested size: 199.16928pt x 133.43742pt.
 [5 <c:/Users/andre/Documents/GitHub/CRAWLAB-Student-Code---2020/Andrew Albright/Writing/MECC/MECC - Learning to Conserve Power - 2021/Submission Documents/figures/compare_agents/HeightVsEfficiency_OneJump.png> <c:/Users/andre/Documents/GitHub/CRAWLAB-Student-Code---2020/Andrew Albright/Writing/MECC/MECC - Learning to Conserve Power - 2021/Submission Documents/figures/timeseries/PositionVsTime_StutterJump.png> <c:/Users/andre/Documents/GitHub/CRAWLAB-Student-Code---2020/Andrew Albright/Writing/MECC/MECC - Learning to Conserve Power - 2021/Submission Documents/figures/timeseries/InputVsTime_StutterJump.png> <c:/Users/andre/Documents/GitHub/CRAWLAB-Student-Code---2020/Andrew Albright/Writing/MECC/MECC - Learning to Conserve Power - 2021/Submission Documents/figures/compare_agents/HeightVsEfficiency_StutterJump.png>] (c:/Users\andre\Documents\GitHub\CRAWLAB-Student-Code---2020\Andrew Albright\Writing\MECC\MECC - Learning to Conserve Power - 2021\Submission Documents\MECC_LearnPowerConservativeControls_2021.bbl) [6] (c:/Users\andre\Documents\GitHub\CRAWLAB-Student-Code---2020\Andrew Albright\Writing\MECC\MECC - Learning to Conserve Power - 2021\Submission Documents\MECC_LearnPowerConservativeControls_2021.aux) ) 
Here is how much of TeX's memory you used:
 4057 strings out of 479334
 60273 string characters out of 2857085
 372247 words of memory out of 3000000
 21435 multiletter control sequences out of 15000+200000
 412118 words of font info for 65 fonts, out of 3000000 for 9000
 1141 hyphenation exceptions out of 8191
 72i,11n,78p,1475b,277s stack positions out of 5000i,500n,10000p,200000b,50000s
<C:/Users/andre/AppData/Local/Programs/MiKTeX/fonts/type1/public/amsfonts/cm/cmbx10.pfb><C:/Users/andre/AppData/Local/Programs/MiKTeX/fonts/type1/public/amsfonts/cm/cmbx12.pfb><C:/Users/andre/AppData/Local/Programs/MiKTeX/fonts/type1/public/amsfonts/cm/cmex10.pfb><C:/Users/andre/AppData/Local/Programs/MiKTeX/fonts/type1/public/amsfonts/cm/cmmi10.pfb><C:/Users/andre/AppData/Local/Programs/MiKTeX/fonts/type1/public/amsfonts/cm/cmmi5.pfb><C:/Users/andre/AppData/Local/Programs/MiKTeX/fonts/type1/public/amsfonts/cm/cmmi6.pfb><C:/Users/andre/AppData/Local/Programs/MiKTeX/fonts/type1/public/amsfonts/cm/cmmi7.pfb><C:/Users/andre/AppData/Local/Programs/MiKTeX/fonts/type1/public/amsfonts/cm/cmmi8.pfb><C:/Users/andre/AppData/Local/Programs/MiKTeX/fonts/type1/public/amsfonts/cm/cmr10.pfb><C:/Users/andre/AppData/Local/Programs/MiKTeX/fonts/type1/public/amsfonts/cm/cmr6.pfb><C:/Users/andre/AppData/Local/Programs/MiKTeX/fonts/type1/public/amsfonts/cm/cmr7.pfb><C:/Users/andre/AppData/Local/Programs/MiKTeX/fonts/type1/public/amsfonts/cm/cmr8.pfb><C:/Users/andre/AppData/Local/Programs/MiKTeX/fonts/type1/public/amsfonts/cm/cmsy10.pfb><C:/Users/andre/AppData/Local/Programs/MiKTeX/fonts/type1/public/amsfonts/cm/cmsy7.pfb><C:/Users/andre/AppData/Local/Programs/MiKTeX/fonts/type1/public/amsfonts/cm/cmsy8.pfb><C:/Users/andre/AppData/Local/Programs/MiKTeX/fonts/type1/public/amsfonts/cm/cmti10.pfb>
Output written on "c:/Users\andre\Documents\GitHub\CRAWLAB-Student-Code---2020\Andrew Albright\Writing\MECC\MECC - Learning to Conserve Power - 2021\Submission Documents\MECC_LearnPowerConservativeControls_2021.pdf" (6 pages, 1338227 bytes).
PDF statistics:
 110 PDF objects out of 1000 (max. 8388607)
 0 named destinations out of 1000 (max. 500000)
 46 words of extra memory for PDF output out of 10000 (max. 10000000)

